<?xml version="1.0" encoding="UTF-8"?>
<!-- Generated by org.testng.reporters.JUnitReportReporter -->
<testsuite hostname="LAPTOP-S3STUPU7" failures="0" tests="1" name="Checks.TestCases" time="5.415" errors="0" timestamp="2023-05-07T18:04:33 CEST" skipped="0">
  <testcase classname="Checks.TestCases" name="title" time="5.415"/>
  <system-out/>
</testsuite> <!-- Checks.TestCases -->
