<?xml version="1.0" encoding="UTF-8"?>
<!-- Generated by org.testng.reporters.JUnitReportReporter -->
<testsuite hostname="LAPTOP-S3STUPU7" failures="0" tests="1" name="Checks.TestCase5" time="6.566" errors="0" timestamp="2023-05-07T18:12:18 CEST" skipped="0">
  <testcase classname="Checks.TestCase5" name="sum" time="6.566"/>
  <system-out/>
</testsuite> <!-- Checks.TestCase5 -->
