<?xml version="1.0" encoding="UTF-8"?>
<!-- Generated by org.testng.reporters.JUnitReportReporter -->
<testsuite hostname="LAPTOP-S3STUPU7" failures="0" tests="1" name="Checks.TestCase3" time="5.556" errors="0" timestamp="2023-05-07T18:11:45 CEST" skipped="0">
  <testcase classname="Checks.TestCase3" name="link" time="5.556"/>
  <system-out/>
</testsuite> <!-- Checks.TestCase3 -->
