<?xml version="1.0" encoding="UTF-8"?>
<!-- Generated by org.testng.reporters.JUnitReportReporter -->
<testsuite hostname="LAPTOP-S3STUPU7" failures="0" tests="1" name="Checks.TestCases2" time="8.486" errors="0" timestamp="2023-05-07T18:15:34 CEST" skipped="0">
  <testcase classname="Checks.TestCases2" name="searchgrade" time="8.486"/>
  <system-out/>
</testsuite> <!-- Checks.TestCases2 -->
